c:\users\thebe\documents\github\5-aiforgames\fishysim\raygui_widgets\x64\debug\vc142.pdb
c:\users\thebe\documents\github\5-aiforgames\fishysim\raygui_widgets\x64\debug\vc142.idb
c:\users\thebe\documents\github\5-aiforgames\fishysim\raygui_widgets\x64\debug\vector3.obj
c:\users\thebe\documents\github\5-aiforgames\fishysim\raygui_widgets\x64\debug\vector2.obj
c:\users\thebe\documents\github\5-aiforgames\fishysim\raygui_widgets\x64\debug\simulation.obj
c:\users\thebe\documents\github\5-aiforgames\fishysim\raygui_widgets\x64\debug\matrix3.obj
<<<<<<< HEAD
c:\users\thebe\documents\github\5-aiforgames\fishysim\raygui_widgets\x64\debug\agentfish.obj
=======
c:\users\thebe\documents\github\5-aiforgames\fishysim\raygui_widgets\x64\debug\main.obj
>>>>>>> parent of ebb9e7f (fixed~)
c:\users\thebe\documents\github\5-aiforgames\fishysim\raygui_widgets\x64\debug\entitysprite.obj
c:\users\thebe\documents\github\5-aiforgames\fishysim\raygui_widgets\x64\debug\agent.obj
<<<<<<< HEAD
c:\users\thebe\documents\github\5-aiforgames\fishysim\raygui_widgets\x64\debug\main.obj
c:\users\thebe\documents\github\5-aiforgames\fishysim\raygui_widgets\x64\debug\agentwhale.obj
c:\users\thebe\documents\github\5-aiforgames\fishysim\raygui_widgets\x64\debug\agentshark.obj
c:\users\thebe\documents\github\5-aiforgames\fishysim\bin\x64\debug\fishysim.exe
c:\users\thebe\documents\github\5-aiforgames\fishysim\bin\x64\debug\fishysim.ilk
c:\users\thebe\documents\github\5-aiforgames\fishysim\bin\x64\debug\fishysim.pdb
c:\users\thebe\documents\github\5-aiforgames\fishysim\raygui_widgets\x64\debug\fishysim.tlog\cl.command.1.tlog
c:\users\thebe\documents\github\5-aiforgames\fishysim\raygui_widgets\x64\debug\fishysim.tlog\cl.read.1.tlog
c:\users\thebe\documents\github\5-aiforgames\fishysim\raygui_widgets\x64\debug\fishysim.tlog\cl.write.1.tlog
c:\users\thebe\documents\github\5-aiforgames\fishysim\raygui_widgets\x64\debug\fishysim.tlog\link-cvtres.read.1.tlog
c:\users\thebe\documents\github\5-aiforgames\fishysim\raygui_widgets\x64\debug\fishysim.tlog\link-cvtres.write.1.tlog
c:\users\thebe\documents\github\5-aiforgames\fishysim\raygui_widgets\x64\debug\fishysim.tlog\link-rc.read.1.tlog
c:\users\thebe\documents\github\5-aiforgames\fishysim\raygui_widgets\x64\debug\fishysim.tlog\link-rc.write.1.tlog
c:\users\thebe\documents\github\5-aiforgames\fishysim\raygui_widgets\x64\debug\fishysim.tlog\link.21124-cvtres.read.1.tlog
c:\users\thebe\documents\github\5-aiforgames\fishysim\raygui_widgets\x64\debug\fishysim.tlog\link.21124-cvtres.write.1.tlog
c:\users\thebe\documents\github\5-aiforgames\fishysim\raygui_widgets\x64\debug\fishysim.tlog\link.21124-rc.read.1.tlog
c:\users\thebe\documents\github\5-aiforgames\fishysim\raygui_widgets\x64\debug\fishysim.tlog\link.21124-rc.write.1.tlog
c:\users\thebe\documents\github\5-aiforgames\fishysim\raygui_widgets\x64\debug\fishysim.tlog\link.21124.read.1.tlog
c:\users\thebe\documents\github\5-aiforgames\fishysim\raygui_widgets\x64\debug\fishysim.tlog\link.21124.write.1.tlog
c:\users\thebe\documents\github\5-aiforgames\fishysim\raygui_widgets\x64\debug\fishysim.tlog\link.command.1.tlog
c:\users\thebe\documents\github\5-aiforgames\fishysim\raygui_widgets\x64\debug\fishysim.tlog\link.read.1.tlog
c:\users\thebe\documents\github\5-aiforgames\fishysim\raygui_widgets\x64\debug\fishysim.tlog\link.write.1.tlog
=======
c:\users\thebe\documents\github\5-aiforgames\fishysim\raygui_widgets\x64\debug\entityobject.obj
c:\users\thebe\documents\github\5-aiforgames\fishysim\raygui_widgets\x64\debug\matrix4.obj
c:\users\thebe\documents\github\5-aiforgames\fishysim\raygui_widgets\x64\debug\pvector.obj
c:\users\thebe\documents\github\5-aiforgames\fishysim\raygui_widgets\x64\debug\vector.obj
c:\users\thebe\documents\github\5-aiforgames\fishysim\raygui_widgets\x64\debug\fishysim.tlog\cl.command.1.tlog
c:\users\thebe\documents\github\5-aiforgames\fishysim\raygui_widgets\x64\debug\fishysim.tlog\cl.read.1.tlog
c:\users\thebe\documents\github\5-aiforgames\fishysim\raygui_widgets\x64\debug\fishysim.tlog\cl.write.1.tlog
>>>>>>> parent of ebb9e7f (fixed~)
